2025-06-20T03:56:29.325Z [ERROR] GET /api/auth/user 500 in 6ms :: {"message":"Failed to fetch user"}
2025-06-20T04:01:34.885Z [ERROR] GET /api/auth/user 500 in 1ms :: {"message":"Failed to fetch user"}
2025-06-20T04:02:49.187Z [ERROR] GET /api/auth/user 500 in 1ms :: {"message":"Failed to fetch user"}
2025-06-20T04:05:48.650Z [ERROR] GET /api/auth/user 401 in 3ms :: {"message":"Not authenticated"}
2025-06-20T04:05:54.748Z [INFO] GET /api/login 200 in 2ms
2025-06-20T04:06:17.939Z [ERROR] GET /api/auth/user 401 in 0ms :: {"message":"Not authenticated"}
2025-06-20T04:50:42.093Z [ERROR] GET /api/auth/user 401 in 2ms :: {"message":"Not authenticated"}
2025-06-20T05:06:24.980Z [INFO] GET /api/login 200 in 5ms
2025-06-20T05:09:40.885Z [INFO] GET /api/login 200 in 5ms
2025-06-20T05:17:34.046Z [ERROR] GET /api/auth/user 401 in 3ms :: {"message":"Not authenticated"}
2025-06-20T05:19:00.026Z [INFO] POST /api/wallet-login 200 in 1ms :: {"address":"0x123"}
2025-06-20T05:19:03.083Z [ERROR] GET /api/auth/user 401 in 0ms :: {"message":"Not authenticated"}
2025-06-20T05:19:16.767Z [INFO] POST /api/wallet-login 200 in 0ms :: {"address":"0x123"}
2025-06-20T05:19:18.593Z [ERROR] GET /api/auth/user 401 in 0ms :: {"message":"Not authenticated"}
2025-06-20T05:20:46.264Z [ERROR] GET /api/auth/user 401 in 1ms :: {"message":"Not authenticated"}
2025-06-20T05:21:08.270Z [ERROR] GET /api/auth/user 401 in 0ms :: {"message":"Not authenticated"}
2025-06-20T05:21:13.564Z [ERROR] GET /api/auth/user 401 in 1ms :: {"message":"Not authenticated"}
2025-06-20T05:21:35.549Z [INFO] POST /api/wallet-login 200 in 1ms :: {"address":"0x123"}
2025-06-20T05:21:37.109Z [ERROR] GET /api/auth/user 401 in 1ms :: {"message":"Not authenticated"}
2025-06-20T05:22:57.191Z [ERROR] GET /api/auth/user 401 in 1ms :: {"message":"Not authenticated"}
2025-06-20T05:23:10.491Z [ERROR] GET /api/auth/user 401 in 1ms :: {"message":"Not authenticated"}
2025-06-20T05:23:23.341Z [INFO] POST /api/wallet-login 200 in 1ms :: {"address":"0x123"}
2025-06-20T05:23:25.534Z [ERROR] GET /api/auth/user 401 in 1ms :: {"message":"Not authenticated"}
2025-06-20T05:23:25.545Z [ERROR] GET /api/posts 500 in 8ms :: {"message":"Failed to fetch posts"}
2025-06-20T05:23:25.718Z [INFO] GET /api/stats/top-miners 200 in 1ms :: {}
2025-06-20T05:23:25.722Z [INFO] GET /api/stats/blockchain 200 in 1ms :: {}
2025-06-20T05:23:25.726Z [ERROR] GET /api/transactions 500 in 2ms :: {"message":"Failed to fetch transactions"}
2025-06-20T05:24:02.051Z [ERROR] POST /api/posts 401 in 1ms :: {"message":"Not authenticated"}
2025-06-20T05:25:35.960Z [ERROR] POST /api/posts 401 in 1ms :: {"message":"Not authenticated"}
2025-06-20T05:26:20.042Z [INFO] GET /api/blockchain/info 200 in 33ms :: {"explorer":"Block 0: aa853a69373083336…
2025-06-20T05:26:25.019Z [ERROR] POST /api/blockchain/mine 500 in 3ms :: {"message":"Failed to mine block"}
